[0.214s] Invoking command in '/home/r1mini/ros2_ws/src/omo_r1mini-foxy/build/omo_r1mini_description': CMAKE_PREFIX_PATH=${CMAKE_PREFIX_PATH}:/home/r1mini/ros2_ws/install/omo_r1mini_teleop:/home/r1mini/ros2_ws/install/omo_r1mini_bringup:/opt/ros/foxy /usr/bin/cmake /home/r1mini/ros2_ws/src/omo_r1mini-foxy/omo_r1mini_description -DAMENT_CMAKE_SYMLINK_INSTALL=1 -DCMAKE_INSTALL_PREFIX=/home/r1mini/ros2_ws/src/omo_r1mini-foxy/install/omo_r1mini_description
[0.872s] -- The C compiler identification is GNU 9.4.0
[1.625s] -- The CXX compiler identification is GNU 9.4.0
[1.685s] -- Check for working C compiler: /usr/bin/cc
[2.344s] -- Check for working C compiler: /usr/bin/cc -- works
[2.358s] -- Detecting C compiler ABI info
[3.228s] -- Detecting C compiler ABI info - done
[3.344s] -- Detecting C compile features
[3.346s] -- Detecting C compile features - done
[3.365s] -- Check for working CXX compiler: /usr/bin/c++
[4.217s] -- Check for working CXX compiler: /usr/bin/c++ -- works
[4.221s] -- Detecting CXX compiler ABI info
[5.168s] -- Detecting CXX compiler ABI info - done
[5.256s] -- Detecting CXX compile features
[5.263s] -- Detecting CXX compile features - done
[5.295s] -- Found ament_cmake: 0.9.9 (/opt/ros/foxy/share/ament_cmake/cmake)
[5.706s] -- Found PythonInterp: /usr/bin/python3 (found suitable version "3.8.10", minimum required is "3") 
[5.708s] -- Using PYTHON_EXECUTABLE: /usr/bin/python3
[7.642s] -- Override CMake install command with custom implementation using symlinks instead of copying resources
[7.939s] -- Found urdf: 2.4.0 (/opt/ros/foxy/share/urdf/cmake)
[8.903s] -- Configuring done
[8.918s] -- Generating done
[8.926s] -- Build files have been written to: /home/r1mini/ros2_ws/src/omo_r1mini-foxy/build/omo_r1mini_description
[9.506s] Invoked command in '/home/r1mini/ros2_ws/src/omo_r1mini-foxy/build/omo_r1mini_description' returned '0': CMAKE_PREFIX_PATH=${CMAKE_PREFIX_PATH}:/home/r1mini/ros2_ws/install/omo_r1mini_teleop:/home/r1mini/ros2_ws/install/omo_r1mini_bringup:/opt/ros/foxy /usr/bin/cmake /home/r1mini/ros2_ws/src/omo_r1mini-foxy/omo_r1mini_description -DAMENT_CMAKE_SYMLINK_INSTALL=1 -DCMAKE_INSTALL_PREFIX=/home/r1mini/ros2_ws/src/omo_r1mini-foxy/install/omo_r1mini_description
[9.529s] Invoking command in '/home/r1mini/ros2_ws/src/omo_r1mini-foxy/build/omo_r1mini_description': CMAKE_PREFIX_PATH=${CMAKE_PREFIX_PATH}:/home/r1mini/ros2_ws/install/omo_r1mini_teleop:/home/r1mini/ros2_ws/install/omo_r1mini_bringup:/opt/ros/foxy /usr/bin/cmake --build /home/r1mini/ros2_ws/src/omo_r1mini-foxy/build/omo_r1mini_description -- -j4 -l4
[9.900s] Invoked command in '/home/r1mini/ros2_ws/src/omo_r1mini-foxy/build/omo_r1mini_description' returned '0': CMAKE_PREFIX_PATH=${CMAKE_PREFIX_PATH}:/home/r1mini/ros2_ws/install/omo_r1mini_teleop:/home/r1mini/ros2_ws/install/omo_r1mini_bringup:/opt/ros/foxy /usr/bin/cmake --build /home/r1mini/ros2_ws/src/omo_r1mini-foxy/build/omo_r1mini_description -- -j4 -l4
[10.141s] Invoking command in '/home/r1mini/ros2_ws/src/omo_r1mini-foxy/build/omo_r1mini_description': CMAKE_PREFIX_PATH=${CMAKE_PREFIX_PATH}:/home/r1mini/ros2_ws/install/omo_r1mini_teleop:/home/r1mini/ros2_ws/install/omo_r1mini_bringup:/opt/ros/foxy /usr/bin/cmake --install /home/r1mini/ros2_ws/src/omo_r1mini-foxy/build/omo_r1mini_description
[10.249s] -- Install configuration: ""
[10.252s] -- Execute custom install script
[10.259s] -- Symlinking: /home/r1mini/ros2_ws/src/omo_r1mini-foxy/install/omo_r1mini_description/share/omo_r1mini_description/meshes/bases/body_assy.dae
[10.334s] -- Symlinking: /home/r1mini/ros2_ws/src/omo_r1mini-foxy/install/omo_r1mini_description/share/omo_r1mini_description/meshes/bases/housing_body.dae
[10.412s] -- Symlinking: /home/r1mini/ros2_ws/src/omo_r1mini-foxy/install/omo_r1mini_description/share/omo_r1mini_description/meshes/sensors/ydlidar_assy.dae
[10.490s] -- Symlinking: /home/r1mini/ros2_ws/src/omo_r1mini-foxy/install/omo_r1mini_description/share/omo_r1mini_description/meshes/wheels/caster_wheel.dae
[10.564s] -- Symlinking: /home/r1mini/ros2_ws/src/omo_r1mini-foxy/install/omo_r1mini_description/share/omo_r1mini_description/meshes/wheels/caster_wheel_mount.dae
[10.646s] -- Symlinking: /home/r1mini/ros2_ws/src/omo_r1mini-foxy/install/omo_r1mini_description/share/omo_r1mini_description/meshes/wheels/caster_wheel_rotate.dae
[10.722s] -- Symlinking: /home/r1mini/ros2_ws/src/omo_r1mini-foxy/install/omo_r1mini_description/share/omo_r1mini_description/meshes/wheels/wheel_assy.dae
[10.808s] -- Symlinking: /home/r1mini/ros2_ws/src/omo_r1mini-foxy/install/omo_r1mini_description/share/omo_r1mini_description/rviz/model.rviz
[10.893s] -- Symlinking: /home/r1mini/ros2_ws/src/omo_r1mini-foxy/install/omo_r1mini_description/share/omo_r1mini_description/urdf/omo_r1mini.urdf
[10.976s] -- Symlinking: /home/r1mini/ros2_ws/src/omo_r1mini-foxy/install/omo_r1mini_description/share/omo_r1mini_description/launch/omo_r1mini_description.launch.py
[11.061s] -- Symlinking: /home/r1mini/ros2_ws/src/omo_r1mini-foxy/install/omo_r1mini_description/share/omo_r1mini_description/launch/omo_r1mini_description_rviz.launch.py
[11.138s] -- Symlinking: /home/r1mini/ros2_ws/src/omo_r1mini-foxy/install/omo_r1mini_description/share/omo_r1mini_description/launch/omo_r1mini_state_publisher.launch.py
[11.215s] -- Symlinking: /home/r1mini/ros2_ws/src/omo_r1mini-foxy/install/omo_r1mini_description/share/ament_index/resource_index/package_run_dependencies/omo_r1mini_description
[11.292s] -- Symlinking: /home/r1mini/ros2_ws/src/omo_r1mini-foxy/install/omo_r1mini_description/share/ament_index/resource_index/parent_prefix_path/omo_r1mini_description
[11.369s] -- Symlinking: /home/r1mini/ros2_ws/src/omo_r1mini-foxy/install/omo_r1mini_description/share/omo_r1mini_description/environment/ament_prefix_path.sh
[11.451s] -- Symlinking: /home/r1mini/ros2_ws/src/omo_r1mini-foxy/install/omo_r1mini_description/share/omo_r1mini_description/environment/ament_prefix_path.dsv
[11.528s] -- Symlinking: /home/r1mini/ros2_ws/src/omo_r1mini-foxy/install/omo_r1mini_description/share/omo_r1mini_description/environment/path.sh
[11.605s] -- Symlinking: /home/r1mini/ros2_ws/src/omo_r1mini-foxy/install/omo_r1mini_description/share/omo_r1mini_description/environment/path.dsv
[11.683s] -- Symlinking: /home/r1mini/ros2_ws/src/omo_r1mini-foxy/install/omo_r1mini_description/share/omo_r1mini_description/local_setup.bash
[11.759s] -- Symlinking: /home/r1mini/ros2_ws/src/omo_r1mini-foxy/install/omo_r1mini_description/share/omo_r1mini_description/local_setup.sh
[11.840s] -- Symlinking: /home/r1mini/ros2_ws/src/omo_r1mini-foxy/install/omo_r1mini_description/share/omo_r1mini_description/local_setup.zsh
[11.901s] -- Symlinking: /home/r1mini/ros2_ws/src/omo_r1mini-foxy/install/omo_r1mini_description/share/omo_r1mini_description/local_setup.dsv
[11.976s] -- Symlinking: /home/r1mini/ros2_ws/src/omo_r1mini-foxy/install/omo_r1mini_description/share/omo_r1mini_description/package.dsv
[12.069s] -- Symlinking: /home/r1mini/ros2_ws/src/omo_r1mini-foxy/install/omo_r1mini_description/share/ament_index/resource_index/packages/omo_r1mini_description
[12.152s] -- Symlinking: /home/r1mini/ros2_ws/src/omo_r1mini-foxy/install/omo_r1mini_description/share/omo_r1mini_description/cmake/omo_r1mini_descriptionConfig.cmake
[12.229s] -- Symlinking: /home/r1mini/ros2_ws/src/omo_r1mini-foxy/install/omo_r1mini_description/share/omo_r1mini_description/cmake/omo_r1mini_descriptionConfig-version.cmake
[12.307s] -- Symlinking: /home/r1mini/ros2_ws/src/omo_r1mini-foxy/install/omo_r1mini_description/share/omo_r1mini_description/package.xml
[12.430s] Invoked command in '/home/r1mini/ros2_ws/src/omo_r1mini-foxy/build/omo_r1mini_description' returned '0': CMAKE_PREFIX_PATH=${CMAKE_PREFIX_PATH}:/home/r1mini/ros2_ws/install/omo_r1mini_teleop:/home/r1mini/ros2_ws/install/omo_r1mini_bringup:/opt/ros/foxy /usr/bin/cmake --install /home/r1mini/ros2_ws/src/omo_r1mini-foxy/build/omo_r1mini_description
