running develop
running egg_info
creating omo_r1mini_teleop.egg-info
writing omo_r1mini_teleop.egg-info/PKG-INFO
writing dependency_links to omo_r1mini_teleop.egg-info/dependency_links.txt
writing entry points to omo_r1mini_teleop.egg-info/entry_points.txt
writing requirements to omo_r1mini_teleop.egg-info/requires.txt
writing top-level names to omo_r1mini_teleop.egg-info/top_level.txt
writing manifest file 'omo_r1mini_teleop.egg-info/SOURCES.txt'
reading manifest file 'omo_r1mini_teleop.egg-info/SOURCES.txt'
writing manifest file 'omo_r1mini_teleop.egg-info/SOURCES.txt'
running build_ext
Creating /home/r1mini/ros2_ws/src/omo_r1mini-foxy/install/omo_r1mini_teleop/lib/python3.8/site-packages/site.py
Creating /home/r1mini/ros2_ws/src/omo_r1mini-foxy/install/omo_r1mini_teleop/lib/python3.8/site-packages/omo-r1mini-teleop.egg-link (link to .)
Installing teleop_joy script to /home/r1mini/ros2_ws/src/omo_r1mini-foxy/install/omo_r1mini_teleop/lib/omo_r1mini_teleop
Installing teleop_keyboard script to /home/r1mini/ros2_ws/src/omo_r1mini-foxy/install/omo_r1mini_teleop/lib/omo_r1mini_teleop

Installed /home/r1mini/ros2_ws/src/omo_r1mini-foxy/build/omo_r1mini_teleop
running install_data
creating /home/r1mini/ros2_ws/src/omo_r1mini-foxy/install/omo_r1mini_teleop/share/ament_index
creating /home/r1mini/ros2_ws/src/omo_r1mini-foxy/install/omo_r1mini_teleop/share/ament_index/resource_index
creating /home/r1mini/ros2_ws/src/omo_r1mini-foxy/install/omo_r1mini_teleop/share/ament_index/resource_index/packages
copying resource/omo_r1mini_teleop -> /home/r1mini/ros2_ws/src/omo_r1mini-foxy/install/omo_r1mini_teleop/share/ament_index/resource_index/packages
copying package.xml -> /home/r1mini/ros2_ws/src/omo_r1mini-foxy/install/omo_r1mini_teleop/share/omo_r1mini_teleop
creating /home/r1mini/ros2_ws/src/omo_r1mini-foxy/install/omo_r1mini_teleop/share/omo_r1mini_teleop/launch
copying launch/teleop_joy.launch.py -> /home/r1mini/ros2_ws/src/omo_r1mini-foxy/install/omo_r1mini_teleop/share/omo_r1mini_teleop/launch
creating /home/r1mini/ros2_ws/src/omo_r1mini-foxy/install/omo_r1mini_teleop/share/omo_r1mini_teleop/param
copying param/teleop_joy.param.yaml -> /home/r1mini/ros2_ws/src/omo_r1mini-foxy/install/omo_r1mini_teleop/share/omo_r1mini_teleop/param
