-- The C compiler identification is GNU 9.4.0
-- The CXX compiler identification is GNU 9.4.0
-- Check for working C compiler: /usr/bin/cc
-- Check for working C compiler: /usr/bin/cc -- works
-- Detecting C compiler ABI info
-- Detecting C compiler ABI info - done
-- Detecting C compile features
-- Detecting C compile features - done
-- Check for working CXX compiler: /usr/bin/c++
-- Check for working CXX compiler: /usr/bin/c++ -- works
-- Detecting CXX compiler ABI info
-- Detecting CXX compiler ABI info - done
-- Detecting CXX compile features
-- Detecting CXX compile features - done
-- Found ament_cmake: 0.9.9 (/opt/ros/foxy/share/ament_cmake/cmake)
-- Found PythonInterp: /usr/bin/python3 (found suitable version "3.8.10", minimum required is "3") 
-- Using PYTHON_EXECUTABLE: /usr/bin/python3
-- Override CMake install command with custom implementation using symlinks instead of copying resources
-- Configuring done
-- Generating done
-- Build files have been written to: /home/r1mini/ros2_ws/src/omo_r1mini-foxy/build/omo_r1mini_navigation2
-- Install configuration: ""
-- Execute custom install script
-- Symlinking: /home/r1mini/ros2_ws/src/omo_r1mini-foxy/install/omo_r1mini_navigation2/share/omo_r1mini_navigation2/launch/navigation2.launch.py
-- Symlinking: /home/r1mini/ros2_ws/src/omo_r1mini-foxy/install/omo_r1mini_navigation2/share/omo_r1mini_navigation2/launch/navigation2_rviz.launch.py
-- Symlinking: /home/r1mini/ros2_ws/src/omo_r1mini-foxy/install/omo_r1mini_navigation2/share/omo_r1mini_navigation2/map/turtlebot3_world.pgm
-- Symlinking: /home/r1mini/ros2_ws/src/omo_r1mini-foxy/install/omo_r1mini_navigation2/share/omo_r1mini_navigation2/map/turtlebot3_world.yaml
-- Symlinking: /home/r1mini/ros2_ws/src/omo_r1mini-foxy/install/omo_r1mini_navigation2/share/omo_r1mini_navigation2/param/omo_r1mini.yaml
-- Symlinking: /home/r1mini/ros2_ws/src/omo_r1mini-foxy/install/omo_r1mini_navigation2/share/omo_r1mini_navigation2/rviz/tb3_navigation2.rviz
-- Symlinking: /home/r1mini/ros2_ws/src/omo_r1mini-foxy/install/omo_r1mini_navigation2/share/ament_index/resource_index/package_run_dependencies/omo_r1mini_navigation2
-- Symlinking: /home/r1mini/ros2_ws/src/omo_r1mini-foxy/install/omo_r1mini_navigation2/share/ament_index/resource_index/parent_prefix_path/omo_r1mini_navigation2
-- Symlinking: /home/r1mini/ros2_ws/src/omo_r1mini-foxy/install/omo_r1mini_navigation2/share/omo_r1mini_navigation2/environment/ament_prefix_path.sh
-- Symlinking: /home/r1mini/ros2_ws/src/omo_r1mini-foxy/install/omo_r1mini_navigation2/share/omo_r1mini_navigation2/environment/ament_prefix_path.dsv
-- Symlinking: /home/r1mini/ros2_ws/src/omo_r1mini-foxy/install/omo_r1mini_navigation2/share/omo_r1mini_navigation2/environment/path.sh
-- Symlinking: /home/r1mini/ros2_ws/src/omo_r1mini-foxy/install/omo_r1mini_navigation2/share/omo_r1mini_navigation2/environment/path.dsv
-- Symlinking: /home/r1mini/ros2_ws/src/omo_r1mini-foxy/install/omo_r1mini_navigation2/share/omo_r1mini_navigation2/local_setup.bash
-- Symlinking: /home/r1mini/ros2_ws/src/omo_r1mini-foxy/install/omo_r1mini_navigation2/share/omo_r1mini_navigation2/local_setup.sh
-- Symlinking: /home/r1mini/ros2_ws/src/omo_r1mini-foxy/install/omo_r1mini_navigation2/share/omo_r1mini_navigation2/local_setup.zsh
-- Symlinking: /home/r1mini/ros2_ws/src/omo_r1mini-foxy/install/omo_r1mini_navigation2/share/omo_r1mini_navigation2/local_setup.dsv
-- Symlinking: /home/r1mini/ros2_ws/src/omo_r1mini-foxy/install/omo_r1mini_navigation2/share/omo_r1mini_navigation2/package.dsv
-- Symlinking: /home/r1mini/ros2_ws/src/omo_r1mini-foxy/install/omo_r1mini_navigation2/share/ament_index/resource_index/packages/omo_r1mini_navigation2
-- Symlinking: /home/r1mini/ros2_ws/src/omo_r1mini-foxy/install/omo_r1mini_navigation2/share/omo_r1mini_navigation2/cmake/omo_r1mini_navigation2Config.cmake
-- Symlinking: /home/r1mini/ros2_ws/src/omo_r1mini-foxy/install/omo_r1mini_navigation2/share/omo_r1mini_navigation2/cmake/omo_r1mini_navigation2Config-version.cmake
-- Symlinking: /home/r1mini/ros2_ws/src/omo_r1mini-foxy/install/omo_r1mini_navigation2/share/omo_r1mini_navigation2/package.xml
